<<<<<<< HEAD
[2016-10-06 19:38:31] START
[2016-10-06 19:38:31] EDIT gapSort/views/default/index.html: -43
[2016-10-06 19:38:49] EDIT gapSort/views/default/index.html: -1
[2016-10-06 19:39:11] EDIT gapSort/views/default/index.html: -1
[2016-10-06 19:39:43] EDIT gapSort/controllers/default.py: -1
[2016-10-06 19:44:03] EDIT gapSort/views/layout.html: 0
[2016-10-06 19:44:34] EDIT gapSort/views/layout.html: 1
[2016-10-06 19:44:47] EDIT gapSort/views/layout.html: 2
[2016-10-06 19:45:08] EDIT gapSort/views/layout.html: 0
[2016-10-06 19:46:20] EDIT gapSort/views/layout.html: 0
[2016-10-06 19:50:18] EDIT gapSort/views/layout.html: 0
[2016-10-06 19:51:12] EDIT gapSort/views/layout.html: 0
[2016-10-06 19:51:42] EDIT gapSort/views/layout.html: -4
[2016-10-06 19:52:06] EDIT gapSort/views/layout.html: 0
[2016-10-10 11:41:03] EDIT gapSort/views/layout.html: 0
[2016-10-10 11:42:18] EDIT gapSort/views/layout.html: 0
[2016-10-10 11:42:51] EDIT gapSort/views/layout.html: 0
[2016-10-10 11:43:21] EDIT gapSort/views/layout.html: 0
[2016-10-10 11:46:36] EDIT gapSort/views/default/index.html: 6
[2016-10-10 11:46:59] EDIT gapSort/views/default/index.html: 2
[2016-10-10 11:47:16] EDIT gapSort/views/default/index.html: -2
[2016-10-10 11:48:53] CREATE schedule.py: 0
[2016-10-10 11:50:03] CREATE schedule/edit.html: 0
[2016-10-10 11:50:43] EDIT gapSort/controllers/schedule.py: 2
[2016-10-10 11:51:33] EDIT gapSort/views/default/index.html: 0
[2016-10-10 11:52:21] EDIT gapSort/views/schedule/edit.html: -1
[2016-10-10 11:52:41] EDIT gapSort/views/schedule/edit.html: 0
[2016-10-10 11:56:51] EDIT gapSort/controllers/schedule.py: 2
[2016-10-10 12:04:18] EDIT gapSort/views/schedule/edit.html: 1
[2016-10-10 12:05:18] EDIT gapSort/views/schedule/edit.html: 5
[2016-10-10 12:06:55] EDIT gapSort/views/schedule/edit.html: 8
[2016-10-10 12:07:51] EDIT gapSort/views/schedule/edit.html: 3
[2016-10-10 12:12:03] EDIT gapSort/views/schedule/edit.html: 0
[2016-10-10 12:15:50] EDIT gapSort/views/schedule/edit.html: 2
[2016-10-10 12:16:15] EDIT gapSort/views/schedule/edit.html: 1
[2016-10-10 12:16:30] EDIT gapSort/views/schedule/edit.html: 0
[2016-10-10 12:17:22] EDIT gapSort/views/schedule/edit.html: -14
[2016-10-10 12:17:44] EDIT gapSort/views/schedule/edit.html: 0
[2016-10-10 12:21:03] EDIT gapSort/views/schedule/edit.html: 3
[2016-10-10 12:22:11] EDIT gapSort/views/schedule/edit.html: 0
[2016-10-10 12:22:41] EDIT gapSort/views/schedule/edit.html: 0
[2016-10-10 12:23:17] EDIT gapSort/views/schedule/edit.html: 0
[2016-10-10 12:23:40] EDIT gapSort/views/schedule/edit.html: 0
[2016-10-10 12:23:59] EDIT gapSort/views/schedule/edit.html: 0
[2016-10-10 12:27:59] EDIT gapSort/views/layout.html: 0
[2016-10-10 12:32:07] EDIT gapSort/views/schedule/edit.html: 2
[2016-10-10 12:32:45] EDIT gapSort/views/schedule/edit.html: 0
[2016-10-10 12:32:52] EDIT gapSort/views/schedule/edit.html: 0
[2016-10-10 12:33:32] EDIT gapSort/views/schedule/edit.html: 0
[2016-10-10 12:36:57] EDIT gapSort/views/schedule/edit.html: 0
[2016-10-10 12:40:55] EDIT gapSort/views/schedule/edit.html: 0
[2016-10-10 12:41:33] EDIT gapSort/views/schedule/edit.html: 0
[2016-10-10 19:49:54] EDIT gapSort/controllers/schedule.py: 0
[2016-10-10 20:16:21] EDIT gapSort/views/default/index.html: 0
[2016-10-10 20:18:59] EDIT gapSort/controllers/schedule.py: 1
[2016-10-10 20:19:16] EDIT gapSort/views/schedule/add.html: -8
[2016-10-10 20:22:15] EDIT gapSort/controllers/schedule.py: 0
[2016-10-10 20:22:18] EDIT gapSort/views/schedule/add.html: 0
[2016-10-10 22:12:45] EDIT gapSort/views/schedule/add.html: 1
[2016-10-10 22:12:54] EDIT gapSort/views/schedule/add.html: 0
[2016-10-10 22:13:09] EDIT gapSort/views/schedule/add.html: -1
[2016-10-10 22:13:14] EDIT gapSort/controllers/schedule.py: 1
[2016-10-10 22:16:05] EDIT gapSort/controllers/schedule.py: 0
[2016-10-10 22:28:53] EDIT gapSort/controllers/schedule.py: 0
[2016-10-10 22:29:07] EDIT gapSort/controllers/schedule.py: 0
[2016-10-10 22:32:01] EDIT gapSort/controllers/schedule.py: 2
[2016-10-10 22:42:56] EDIT gapSort/controllers/schedule.py: 1
[2016-10-10 22:43:47] EDIT gapSort/controllers/schedule.py: 0
[2016-10-10 22:44:47] EDIT gapSort/controllers/schedule.py: 0
[2016-10-10 22:46:48] EDIT gapSort/controllers/schedule.py: 0
[2016-10-10 22:47:10] EDIT gapSort/controllers/schedule.py: 0
[2016-10-10 22:47:12] EDIT gapSort/controllers/schedule.py: 0
[2016-10-11 22:19:16] CREATE myschedule.html: 0
[2016-10-11 22:23:08] EDIT gapSort/views/myschedule.html: 6
[2016-10-11 22:25:48] EDIT gapSort/controllers/schedule.py: 2
[2016-10-11 22:26:37] EDIT gapSort/views/schedule/myschedule.html: 1
[2016-10-11 22:27:35] EDIT gapSort/controllers/schedule.py: 0
[2016-10-11 22:28:16] EDIT gapSort/views/schedule/myschedule.html: 0
[2016-10-11 22:28:57] EDIT gapSort/views/schedule/myschedule.html: 0
[2016-10-11 22:29:14] EDIT gapSort/views/schedule/myschedule.html: 0
[2016-10-11 22:29:43] EDIT gapSort/views/schedule/myschedule.html: 0
[2016-10-11 22:30:03] EDIT gapSort/views/schedule/myschedule.html: 0
[2016-10-11 22:31:15] EDIT gapSort/views/schedule/myschedule.html: 0
[2016-10-11 22:31:41] EDIT gapSort/views/schedule/myschedule.html: 0
[2016-10-11 22:34:59] EDIT gapSort/views/schedule/myschedule.html: 0
[2016-10-11 22:35:54] EDIT gapSort/views/schedule/myschedule.html: 2
[2016-10-11 22:36:31] EDIT gapSort/views/schedule/myschedule.html: 0
[2016-10-11 22:41:30] EDIT gapSort/controllers/schedule.py: 1
[2016-10-11 22:41:50] EDIT gapSort/views/schedule/myschedule.html: 0
[2016-10-11 22:42:32] EDIT gapSort/controllers/schedule.py: 1
[2016-10-11 22:42:47] EDIT gapSort/views/schedule/myschedule.html: 0
[2016-10-11 22:51:07] EDIT gapSort/views/schedule/myschedule.html: 0
[2016-10-11 22:53:48] EDIT gapSort/views/schedule/myschedule.html: 0
[2016-10-11 22:53:56] EDIT gapSort/views/schedule/myschedule.html: 0
[2016-10-11 22:54:36] EDIT gapSort/views/schedule/myschedule.html: 0
[2016-10-11 22:54:51] EDIT gapSort/views/schedule/myschedule.html: 0
[2016-10-11 22:55:11] EDIT gapSort/views/schedule/myschedule.html: 0
[2016-10-11 22:59:28] EDIT gapSort/views/schedule/myschedule.html: 0
[2016-10-11 23:00:15] EDIT gapSort/views/schedule/myschedule.html: 0
[2016-10-11 23:00:31] EDIT gapSort/views/schedule/myschedule.html: 0
[2016-10-11 23:02:19] EDIT gapSort/views/schedule/myschedule.html: 0
[2016-10-11 23:02:53] EDIT gapSort/views/schedule/myschedule.html: 0
[2016-10-11 23:03:47] EDIT gapSort/views/schedule/myschedule.html: 0
[2016-10-11 23:05:19] EDIT gapSort/views/schedule/myschedule.html: 1
[2016-10-11 23:05:39] EDIT gapSort/views/schedule/myschedule.html: 0
[2016-10-11 23:15:32] EDIT gapSort/controllers/schedule.py: 1
[2016-10-11 23:16:52] EDIT gapSort/views/schedule/myschedule.html: 2
[2016-10-11 23:17:13] EDIT gapSort/views/schedule/myschedule.html: 1
[2016-10-11 23:18:44] EDIT gapSort/views/schedule/myschedule.html: 1
[2016-10-11 23:19:07] EDIT gapSort/views/schedule/myschedule.html: 1
[2016-10-11 23:20:59] EDIT gapSort/views/schedule/myschedule.html: 2
[2016-10-11 23:22:26] EDIT gapSort/views/schedule/myschedule.html: 0
[2016-10-11 23:25:41] EDIT gapSort/views/schedule/myschedule.html: 1
[2016-10-11 23:26:12] EDIT gapSort/views/schedule/myschedule.html: 0
[2016-10-11 23:26:36] EDIT gapSort/views/schedule/myschedule.html: 1
[2016-10-11 23:31:49] EDIT gapSort/views/schedule/myschedule.html: 0
[2016-10-11 23:32:02] EDIT gapSort/views/schedule/myschedule.html: -1
[2016-10-11 23:33:08] EDIT gapSort/views/schedule/myschedule.html: -3
[2016-10-11 23:34:12] EDIT gapSort/views/schedule/myschedule.html: 2
[2016-10-11 23:34:30] EDIT gapSort/views/schedule/myschedule.html: 0
[2016-10-11 23:35:43] EDIT gapSort/views/schedule/myschedule.html: 0
[2016-10-11 23:36:12] EDIT gapSort/views/schedule/myschedule.html: 0
[2016-10-11 23:41:36] EDIT gapSort/views/schedule/myschedule.html: 3
[2016-10-11 23:42:05] EDIT gapSort/views/schedule/myschedule.html: 0
[2016-10-11 23:43:04] EDIT gapSort/views/schedule/myschedule.html: 0
[2016-10-11 23:44:01] EDIT gapSort/views/schedule/myschedule.html: 0
[2016-10-11 23:45:09] EDIT gapSort/views/schedule/myschedule.html: 0
[2016-10-11 23:46:50] EDIT gapSort/views/schedule/myschedule.html: -3
[2016-10-12 10:27:24] EDIT gapSort/views/default/index.html: 0
[2016-10-12 10:30:18] EDIT gapSort/views/schedule/myschedule.html: 0
[2016-10-12 10:31:19] EDIT gapSort/views/schedule/myschedule.html: 1
[2016-10-12 10:31:27] EDIT gapSort/views/schedule/myschedule.html: 0
[2016-10-12 10:31:28] EDIT gapSort/views/schedule/myschedule.html: 0
[2016-10-12 10:32:00] EDIT gapSort/views/schedule/myschedule.html: 0
[2016-10-12 10:33:54] EDIT gapSort/controllers/schedule.py: 7
[2016-10-12 10:34:10] EDIT gapSort/views/schedule/myschedule.html: 0
[2016-10-12 10:35:00] EDIT gapSort/views/schedule/myschedule.html: 0
[2016-10-12 10:35:45] EDIT gapSort/views/schedule/myschedule.html: 0
[2016-10-12 10:36:07] EDIT gapSort/views/schedule/myschedule.html: 0
[2016-10-12 10:44:10] EDIT gapSort/views/schedule/myschedule.html: 0
[2016-10-12 10:45:51] EDIT gapSort/views/schedule/myschedule.html: 0
[2016-10-12 10:48:28] EDIT gapSort/views/schedule/myschedule.html: 0
[2016-10-12 10:48:42] EDIT gapSort/views/schedule/myschedule.html: 0
[2016-10-12 10:48:57] EDIT gapSort/views/schedule/myschedule.html: 0
[2016-10-12 10:49:22] EDIT gapSort/views/schedule/myschedule.html: 0
[2016-10-12 10:50:00] EDIT gapSort/views/schedule/myschedule.html: 0
[2016-10-12 10:50:16] EDIT gapSort/views/schedule/myschedule.html: 0
[2016-10-12 10:50:35] EDIT gapSort/views/schedule/myschedule.html: 0
[2016-10-12 10:50:51] EDIT gapSort/views/schedule/myschedule.html: 0
[2016-10-12 10:51:09] EDIT gapSort/views/schedule/myschedule.html: 0
[2016-10-12 10:53:33] EDIT gapSort/views/schedule/myschedule.html: 0
[2016-10-12 10:53:46] EDIT gapSort/views/schedule/myschedule.html: 0
[2016-10-12 21:28:44] EDIT gapSort/views/schedule/myschedule.html: 0
[2016-10-12 21:29:51] EDIT gapSort/views/schedule/myschedule.html: 0
[2016-10-12 21:31:03] EDIT gapSort/views/schedule/myschedule.html: 0
[2016-10-12 21:34:30] EDIT gapSort/views/schedule/myschedule.html: 9
[2016-10-12 21:36:55] EDIT gapSort/views/schedule/myschedule.html: -9
[2016-10-12 22:14:43] EDIT gapSort/views/schedule/myschedule.html: 3
[2016-10-12 22:15:08] EDIT gapSort/views/schedule/myschedule.html: 0
[2016-10-12 22:15:35] EDIT gapSort/views/schedule/myschedule.html: -3
[2016-10-12 22:16:05] EDIT gapSort/views/schedule/myschedule.html: 0
[2016-10-12 22:17:00] EDIT gapSort/views/schedule/myschedule.html: 0
[2016-10-12 22:19:11] EDIT gapSort/views/schedule/myschedule.html: 0
[2016-10-12 22:19:29] EDIT gapSort/views/schedule/myschedule.html: 0
[2016-10-12 22:26:56] EDIT gapSort/views/schedule/myschedule.html: 0
[2016-10-12 22:27:44] EDIT gapSort/views/schedule/myschedule.html: 0
[2016-10-12 22:28:24] EDIT gapSort/views/schedule/myschedule.html: 0
[2016-10-12 22:28:45] EDIT gapSort/views/schedule/myschedule.html: 0
[2016-10-12 22:29:51] EDIT gapSort/views/schedule/myschedule.html: 0
[2016-10-12 22:30:06] EDIT gapSort/views/schedule/myschedule.html: 0
[2016-10-12 22:30:17] EDIT gapSort/views/schedule/myschedule.html: 0
[2016-10-12 22:33:10] EDIT gapSort/views/schedule/myschedule.html: 0
[2016-10-12 22:34:15] EDIT gapSort/views/schedule/myschedule.html: 0
[2016-10-12 22:45:00] EDIT gapSort/views/schedule/myschedule.html: 0
[2016-10-12 22:46:03] EDIT gapSort/views/schedule/myschedule.html: 0
[2016-10-12 22:46:56] EDIT gapSort/views/schedule/myschedule.html: 0
[2016-10-12 22:47:07] EDIT gapSort/views/schedule/myschedule.html: 0
[2016-10-12 22:47:15] EDIT gapSort/views/schedule/myschedule.html: 0
[2016-10-12 22:47:16] EDIT gapSort/views/schedule/myschedule.html: 0
[2016-10-12 22:47:38] EDIT gapSort/views/schedule/myschedule.html: 0
[2016-10-12 22:48:04] EDIT gapSort/views/schedule/myschedule.html: 0
[2016-10-12 22:48:56] EDIT gapSort/views/schedule/myschedule.html: 0
[2016-10-12 22:49:05] EDIT gapSort/views/schedule/myschedule.html: 0
[2016-10-12 22:49:16] EDIT gapSort/views/schedule/myschedule.html: 0
[2016-10-12 22:49:25] EDIT gapSort/views/schedule/myschedule.html: 0
[2016-10-12 22:49:37] EDIT gapSort/views/schedule/myschedule.html: 0
[2016-10-12 22:55:24] EDIT gapSort/views/schedule/myschedule.html: 1
[2016-10-12 22:55:35] CREATE css/schedule.css: 0
[2016-10-12 22:57:25] EDIT gapSort/static/css/schedule.css: 3
[2016-10-12 22:58:19] EDIT gapSort/views/schedule/myschedule.html: 0
[2016-10-12 22:58:34] EDIT gapSort/views/schedule/myschedule.html: 0
[2016-10-12 22:58:42] EDIT gapSort/views/schedule/myschedule.html: 0
[2016-10-12 23:00:45] EDIT gapSort/static/css/schedule.css: 13
[2016-10-12 23:01:34] EDIT gapSort/views/schedule/myschedule.html: 0
[2016-10-12 23:02:51] EDIT gapSort/static/css/schedule.css: 0
[2016-10-12 23:04:04] EDIT gapSort/static/css/schedule.css: 0
[2016-10-12 23:04:13] EDIT gapSort/static/css/schedule.css: 0
[2016-10-12 23:04:31] EDIT gapSort/views/schedule/myschedule.html: 0
[2016-10-12 23:04:44] EDIT gapSort/static/css/schedule.css: 0
[2016-10-12 23:06:20] EDIT gapSort/static/css/schedule.css: 0
[2016-10-12 23:06:28] EDIT gapSort/static/css/schedule.css: 0
[2016-10-12 23:08:42] EDIT gapSort/static/css/schedule.css: 1
[2016-10-12 23:09:09] EDIT gapSort/views/schedule/myschedule.html: 0
[2016-10-12 23:10:08] EDIT gapSort/static/css/schedule.css: -1
[2016-10-12 23:15:31] EDIT gapSort/views/schedule/myschedule.html: 0
[2016-10-12 23:15:46] EDIT gapSort/views/schedule/myschedule.html: 0
[2016-10-12 23:16:00] EDIT gapSort/views/schedule/myschedule.html: 0
[2016-10-12 23:16:11] EDIT gapSort/views/schedule/myschedule.html: 0
[2016-10-12 23:16:20] EDIT gapSort/views/schedule/myschedule.html: 0
[2016-10-12 23:16:40] EDIT gapSort/views/schedule/myschedule.html: 0
[2016-10-12 23:16:50] EDIT gapSort/views/schedule/myschedule.html: 0
[2016-10-12 23:16:59] EDIT gapSort/views/schedule/myschedule.html: 0
[2016-10-12 23:17:07] EDIT gapSort/views/schedule/myschedule.html: 0
[2016-10-12 23:17:15] EDIT gapSort/views/schedule/myschedule.html: 0
[2016-10-12 23:17:26] EDIT gapSort/views/schedule/myschedule.html: 0
[2016-10-12 23:17:34] EDIT gapSort/views/schedule/myschedule.html: 0
[2016-10-12 23:19:07] EDIT gapSort/views/schedule/myschedule.html: 0
[2016-10-12 23:20:27] EDIT gapSort/static/css/schedule.css: 6
[2016-10-12 23:20:59] EDIT gapSort/views/schedule/myschedule.html: 0
[2016-10-12 23:21:34] EDIT gapSort/views/schedule/myschedule.html: 0
[2016-10-12 23:21:46] EDIT gapSort/static/css/schedule.css: -1
[2016-10-12 23:22:03] EDIT gapSort/views/schedule/myschedule.html: 0
[2016-10-12 23:23:00] EDIT gapSort/static/css/schedule.css: 0
[2016-10-12 23:23:14] EDIT gapSort/views/schedule/myschedule.html: 0
[2016-10-12 23:24:33] EDIT gapSort/views/schedule/myschedule.html: 0
[2016-10-12 23:26:18] EDIT gapSort/views/schedule/myschedule.html: 0
[2016-10-12 23:26:25] EDIT gapSort/static/css/schedule.css: 0
[2016-10-12 23:26:58] EDIT gapSort/views/schedule/myschedule.html: 0
[2016-10-12 23:27:16] EDIT gapSort/views/schedule/myschedule.html: -1
[2016-10-12 23:27:20] EDIT gapSort/views/schedule/myschedule.html: 0
[2016-10-12 23:33:27] EDIT gapSort/static/css/schedule.css: 1
[2016-10-13 18:40:36] CREATE css/index.css: 0
[2016-10-13 18:40:55] EDIT gapSort/views/default/index.html: 3
[2016-10-13 18:41:15] EDIT gapSort/static/css/index.css: 2
[2016-10-13 18:41:46] EDIT gapSort/static/css/index.css: 3
[2016-10-13 18:42:09] EDIT gapSort/views/default/index.html: 0
[2016-10-13 18:42:31] EDIT gapSort/static/css/index.css: -1
[2016-10-13 18:42:43] EDIT gapSort/static/css/index.css: 1
[2016-10-13 18:42:52] EDIT gapSort/static/css/index.css: 0
[2016-10-13 18:43:17] EDIT gapSort/views/default/index.html: 0
[2016-10-13 18:43:31] EDIT gapSort/static/css/index.css: 2
[2016-10-13 18:43:50] EDIT gapSort/views/default/index.html: 0
[2016-10-13 18:44:50] EDIT gapSort/views/default/index.html: 0
[2016-10-13 18:45:01] EDIT gapSort/views/default/index.html: 0
[2016-10-13 18:45:15] EDIT gapSort/views/default/index.html: 0
[2016-10-13 18:45:19] EDIT gapSort/static/css/index.css: 1
[2016-10-13 18:46:57] EDIT gapSort/views/default/index.html: 2
[2016-10-13 18:47:37] EDIT gapSort/static/css/index.css: 4
[2016-10-13 18:48:30] EDIT gapSort/views/default/index.html: 0
[2016-10-13 18:50:33] EDIT gapSort/views/default/index.html: 1
[2016-10-13 18:51:15] EDIT gapSort/static/css/index.css: 5
[2016-10-13 18:51:52] EDIT gapSort/static/css/index.css: 2
[2016-10-13 18:52:03] EDIT gapSort/static/css/index.css: 1
[2016-10-13 18:52:13] EDIT gapSort/static/css/index.css: 0
[2016-10-13 18:52:39] EDIT gapSort/static/css/index.css: 0
[2016-10-13 18:53:00] EDIT gapSort/static/css/index.css: 0
[2016-10-13 20:22:17] EDIT gapSort/static/css/index.css: 3
[2016-10-13 20:22:30] EDIT gapSort/static/css/index.css: 0
[2016-10-13 20:22:47] EDIT gapSort/static/css/index.css: 0
[2016-10-15 15:00:32] EDIT gapSort/static/css/index.css: -23
[2016-10-15 15:00:53] EDIT gapSort/views/default/index.html: -5
[2016-10-15 15:01:07] EDIT gapSort/static/css/index.css: 0
[2016-10-15 15:01:26] EDIT gapSort/views/default/index.html: 0
[2016-10-15 15:08:13] EDIT gapSort/controllers/schedule.py: 1
[2016-10-15 15:12:17] EDIT gapSort/views/default/index.html: 1
[2016-10-15 15:13:07] EDIT gapSort/static/css/index.css: 3
[2016-10-15 15:14:46] EDIT gapSort/views/default/index.html: 1
[2016-10-15 15:15:27] EDIT gapSort/static/css/index.css: 5
[2016-10-15 15:15:47] EDIT gapSort/views/default/index.html: 0
[2016-10-15 15:16:17] EDIT gapSort/views/default/index.html: 2
[2016-10-15 15:16:45] EDIT gapSort/static/css/index.css: 5
[2016-10-15 15:17:06] EDIT gapSort/static/css/index.css: 0
[2016-10-15 15:17:28] EDIT gapSort/static/css/index.css: 0
[2016-10-15 15:17:36] EDIT gapSort/static/css/index.css: 0
[2016-10-15 15:18:00] EDIT gapSort/static/css/index.css: 0
[2016-10-15 15:18:15] EDIT gapSort/static/css/index.css: 0
[2016-10-15 15:18:40] EDIT gapSort/static/css/index.css: 3
[2016-10-15 15:19:05] EDIT gapSort/static/css/index.css: 0
[2016-10-15 15:19:22] EDIT gapSort/static/css/index.css: 0
[2016-10-15 15:20:13] EDIT gapSort/static/css/index.css: 0
[2016-10-15 15:20:35] EDIT gapSort/static/css/index.css: 0
[2016-10-15 15:21:05] EDIT gapSort/static/css/index.css: 0
[2016-10-15 15:22:28] EDIT gapSort/static/css/index.css: 0
[2016-10-15 15:23:25] EDIT gapSort/views/default/index.html: 2
[2016-10-15 15:24:40] EDIT gapSort/static/css/index.css: 4
[2016-10-15 15:24:50] EDIT gapSort/static/css/index.css: 1
[2016-10-15 15:25:12] EDIT gapSort/static/css/index.css: 1
[2016-10-15 15:27:05] EDIT gapSort/static/css/index.css: -6
[2016-10-15 15:27:16] EDIT gapSort/static/css/index.css: 0
[2016-10-15 15:27:36] EDIT gapSort/static/css/index.css: 1
[2016-10-15 15:27:46] EDIT gapSort/static/css/index.css: 0
[2016-10-15 15:28:02] EDIT gapSort/static/css/index.css: 1
[2016-10-15 15:28:22] EDIT gapSort/static/css/index.css: 0
[2016-10-15 15:28:35] EDIT gapSort/static/css/index.css: 0
[2016-10-15 15:29:20] EDIT gapSort/static/css/index.css: 0
[2016-10-15 15:31:02] EDIT gapSort/static/css/index.css: 0
[2016-10-15 15:31:13] EDIT gapSort/static/css/index.css: -3
[2016-10-15 15:31:18] EDIT gapSort/static/css/index.css: 0
[2016-10-15 15:31:28] EDIT gapSort/static/css/index.css: 1
[2016-10-15 15:31:56] EDIT gapSort/static/css/index.css: 0
[2016-10-15 15:33:12] EDIT gapSort/views/default/index.html: 2
[2016-10-15 15:33:54] EDIT gapSort/static/css/index.css: 6
[2016-10-15 15:34:29] EDIT gapSort/static/css/index.css: 1
[2016-10-15 15:34:41] EDIT gapSort/static/css/index.css: 1
[2016-10-15 15:34:56] EDIT gapSort/static/css/index.css: 1
[2016-10-15 15:35:17] EDIT gapSort/static/css/index.css: 0
[2016-10-15 15:35:52] EDIT gapSort/static/css/index.css: 0
[2016-10-15 15:36:01] EDIT gapSort/static/css/index.css: 0
[2016-10-15 15:40:32] EDIT gapSort/static/css/index.css: 1
[2016-10-15 15:42:07] EDIT gapSort/static/css/index.css: 0
[2016-10-15 15:43:17] EDIT gapSort/static/css/index.css: 0
[2016-10-15 15:43:38] EDIT gapSort/static/css/index.css: 0
[2016-10-15 15:43:48] EDIT gapSort/static/css/index.css: 0
[2016-10-15 15:44:34] EDIT gapSort/static/css/index.css: 0
[2016-10-15 15:44:47] EDIT gapSort/static/css/index.css: 0
[2016-10-15 15:45:35] EDIT gapSort/static/css/index.css: 3
[2016-10-15 15:45:59] EDIT gapSort/static/css/index.css: 0
[2016-10-15 15:47:00] EDIT gapSort/static/css/index.css: 0
[2016-10-15 15:47:26] EDIT gapSort/static/css/index.css: 0
[2016-10-15 15:47:55] EDIT gapSort/static/css/index.css: 0
[2016-10-15 15:49:56] EDIT gapSort/views/default/index.html: 0
[2016-10-15 15:54:00] EDIT gapSort/static/css/index.css: 0
[2016-10-15 15:54:25] EDIT gapSort/static/css/index.css: 0
[2016-10-15 15:55:09] EDIT gapSort/views/default/index.html: 0
[2016-10-15 15:56:42] EDIT gapSort/static/css/index.css: 1
[2016-10-15 15:57:17] EDIT gapSort/static/css/index.css: 4
[2016-10-15 15:57:19] EDIT gapSort/static/css/index.css: 0
[2016-10-15 15:59:15] EDIT gapSort/static/css/index.css: 1
[2016-10-15 15:59:40] EDIT gapSort/views/default/index.html: 4
[2016-10-15 16:00:01] EDIT gapSort/views/default/index.html: -2
[2016-10-15 16:02:04] EDIT gapSort/static/css/index.css: 3
[2016-10-15 16:03:17] EDIT gapSort/static/css/index.css: 4
[2016-10-15 16:03:30] EDIT gapSort/views/default/index.html: 0
[2016-10-15 16:04:02] EDIT gapSort/static/css/index.css: 1
[2016-10-15 16:04:15] EDIT gapSort/static/css/index.css: 0
[2016-10-15 16:04:23] EDIT gapSort/static/css/index.css: 1
[2016-10-15 16:04:41] EDIT gapSort/static/css/index.css: 2
[2016-10-15 16:05:34] EDIT gapSort/views/default/index.html: 0
[2016-10-15 16:05:46] EDIT gapSort/views/default/index.html: 0
[2016-10-15 16:06:45] EDIT gapSort/static/css/index.css: 1
[2016-10-15 16:08:11] EDIT gapSort/views/default/index.html: 0
[2016-10-15 16:08:29] EDIT gapSort/views/default/index.html: 0
[2016-10-15 16:08:38] EDIT gapSort/static/css/index.css: 0
[2016-10-15 16:09:11] EDIT gapSort/views/default/index.html: 0
[2016-10-15 16:10:02] EDIT gapSort/static/css/index.css: -1
[2016-10-15 16:10:43] EDIT gapSort/views/default/index.html: 0
[2016-10-15 16:11:16] EDIT gapSort/static/css/index.css: 0
[2016-10-15 16:11:47] EDIT gapSort/static/css/index.css: 3
[2016-10-15 16:13:13] EDIT gapSort/views/default/index.html: 0
[2016-10-15 16:13:27] EDIT gapSort/views/default/index.html: 0
[2016-10-15 16:15:10] EDIT gapSort/static/css/index.css: 4
[2016-10-15 16:22:29] EDIT gapSort/static/css/index.css: 0
[2016-10-15 16:23:04] EDIT gapSort/static/css/index.css: 0
[2016-10-15 16:23:37] EDIT gapSort/static/css/index.css: 0
[2016-10-15 16:24:26] EDIT gapSort/static/css/index.css: 0
[2016-10-15 16:25:32] EDIT gapSort/static/css/index.css: 2
[2016-10-15 16:26:25] EDIT gapSort/static/css/index.css: 2
[2016-10-15 16:26:32] EDIT gapSort/static/css/index.css: 0
[2016-10-15 16:27:06] EDIT gapSort/static/css/index.css: 1
[2016-10-15 16:27:50] EDIT gapSort/static/css/index.css: 1
[2016-10-15 16:28:07] EDIT gapSort/static/css/index.css: 1
[2016-10-15 16:28:20] EDIT gapSort/static/css/index.css: 0
[2016-10-15 16:28:29] EDIT gapSort/static/css/index.css: 0
[2016-10-15 16:28:41] EDIT gapSort/static/css/index.css: 0
[2016-10-15 16:29:24] EDIT gapSort/views/default/index.html: 0
[2016-10-15 16:29:34] EDIT gapSort/views/default/index.html: -1
[2016-10-15 16:29:52] EDIT gapSort/static/css/index.css: 8
[2016-10-15 16:30:39] EDIT gapSort/static/css/index.css: 0
[2016-10-15 16:31:52] EDIT gapSort/static/css/index.css: 0
[2016-10-15 16:32:10] EDIT gapSort/static/css/index.css: 0
[2016-10-15 16:34:37] EDIT gapSort/static/css/index.css: 3
[2016-10-15 16:35:06] EDIT gapSort/static/css/index.css: -1
[2016-10-15 16:35:23] EDIT gapSort/static/css/index.css: 3
[2016-10-15 16:35:34] EDIT gapSort/static/css/index.css: 0
[2016-10-15 16:35:52] EDIT gapSort/static/css/index.css: 3
[2016-10-15 16:36:03] EDIT gapSort/static/css/index.css: -1
[2016-10-15 16:36:32] EDIT gapSort/static/css/index.css: -1
[2016-10-15 16:37:28] EDIT gapSort/static/css/index.css: 0
[2016-10-15 16:37:45] EDIT gapSort/static/css/index.css: 0
[2016-10-15 16:38:00] EDIT gapSort/static/css/index.css: 0
[2016-10-15 16:38:23] EDIT gapSort/static/css/index.css: 0
[2016-10-15 16:38:38] EDIT gapSort/static/css/index.css: 0
[2016-10-15 16:39:11] EDIT gapSort/static/css/index.css: 0
[2016-10-15 16:41:20] EDIT gapSort/views/default/index.html: 1
[2016-10-15 16:42:29] EDIT gapSort/views/default/index.html: 0
[2016-10-15 16:43:56] EDIT gapSort/static/css/index.css: 1
[2016-10-15 16:44:17] EDIT gapSort/static/css/index.css: 3
[2016-10-15 16:44:51] EDIT gapSort/static/css/index.css: 0
[2016-10-15 16:45:09] EDIT gapSort/static/css/index.css: 0
[2016-10-15 16:46:15] CREATE js/index.js: 0
[2016-10-15 16:48:42] EDIT gapSort/views/default/index.html: 1
[2016-10-15 16:48:56] EDIT gapSort/views/default/index.html: 1
[2016-10-15 16:50:24] EDIT gapSort/static/js/index.js: 6
[2016-10-15 16:50:37] EDIT gapSort/static/js/index.js: 0
[2016-10-15 16:52:31] EDIT gapSort/static/js/index.js: 3
[2016-10-15 16:52:55] EDIT gapSort/static/js/index.js: 0
[2016-10-15 16:53:11] EDIT gapSort/static/js/index.js: 1
[2016-10-15 16:54:18] EDIT gapSort/views/default/index.html: 0
[2016-10-15 16:54:35] EDIT gapSort/views/default/index.html: 0
[2016-10-15 16:55:02] EDIT gapSort/static/js/index.js: -7
[2016-10-15 16:55:27] EDIT gapSort/static/js/index.js: -2
[2016-10-15 16:56:08] EDIT gapSort/static/css/index.css: 3
[2016-10-15 16:56:36] EDIT gapSort/static/css/index.css: 0
[2016-10-15 16:56:51] EDIT gapSort/static/css/index.css: 0
[2016-10-15 16:57:54] EDIT gapSort/views/default/index.html: 0
[2016-10-15 18:07:04] EDIT gapSort/static/css/index.css: 0
[2016-10-15 18:07:13] EDIT gapSort/static/css/index.css: 0
[2016-10-15 18:07:23] EDIT gapSort/static/css/index.css: 0
[2016-10-15 18:41:01] EDIT gapSort/static/css/index.css: 1
[2016-10-15 18:41:20] EDIT gapSort/static/css/index.css: 1
[2016-10-15 18:41:37] EDIT gapSort/static/css/index.css: 2
[2016-10-15 18:41:41] EDIT gapSort/static/css/index.css: 0
[2016-10-15 18:42:21] EDIT gapSort/static/css/index.css: -2
[2016-10-15 18:42:27] EDIT gapSort/static/css/index.css: -2
[2016-10-15 18:45:13] EDIT gapSort/static/css/index.css: 0
[2016-10-15 18:45:23] EDIT gapSort/static/css/index.css: 0
[2016-10-15 18:46:49] EDIT gapSort/static/css/index.css: 1
[2016-10-15 18:47:05] EDIT gapSort/static/css/index.css: 1
[2016-10-15 18:47:31] EDIT gapSort/static/css/index.css: 0
[2016-10-15 18:47:59] EDIT gapSort/static/css/index.css: 0
[2016-10-15 18:48:05] EDIT gapSort/static/css/index.css: 0
[2016-10-15 18:48:12] EDIT gapSort/static/css/index.css: 0
[2016-10-15 18:49:45] EDIT gapSort/static/css/schedule.css: 3
[2016-10-15 18:49:52] EDIT gapSort/static/css/schedule.css: 0
[2016-10-15 18:50:18] EDIT gapSort/static/css/schedule.css: 3
[2016-10-15 18:50:32] EDIT gapSort/static/css/schedule.css: 0
[2016-10-15 18:51:07] EDIT gapSort/static/css/schedule.css: 0
[2016-10-15 18:51:32] EDIT gapSort/static/css/schedule.css: 0
[2016-10-15 18:51:37] EDIT gapSort/static/css/schedule.css: 0
[2016-10-15 19:05:51] EDIT gapSort/views/default/index.html: 2
[2016-10-15 19:27:42] EDIT gapSort/views/schedule/myschedule.html: 0
[2016-10-15 19:28:16] EDIT gapSort/static/css/schedule.css: 3
[2016-10-15 19:31:31] EDIT gapSort/static/css/schedule.css: 0
[2016-10-15 19:31:39] EDIT gapSort/static/css/schedule.css: 0
[2016-10-15 19:31:46] EDIT gapSort/static/css/schedule.css: 0
[2016-10-15 19:38:11] EDIT gapSort/static/css/schedule.css: 8
[2016-10-15 19:41:39] EDIT gapSort/static/css/schedule.css: -1
[2016-10-15 19:53:09] EDIT gapSort/views/schedule/myschedule.html: 5
[2016-10-15 19:55:19] EDIT gapSort/views/schedule/myschedule.html: -3
[2016-10-15 19:56:09] EDIT gapSort/views/schedule/myschedule.html: -1
[2016-10-15 19:59:28] EDIT gapSort/views/schedule/myschedule.html: 0
[2016-10-15 20:00:26] EDIT gapSort/static/css/schedule.css: 1
[2016-10-15 20:01:02] EDIT gapSort/static/css/schedule.css: 3
[2016-10-15 20:05:58] EDIT gapSort/static/css/schedule.css: 0
=======
[2016-10-09 16:29:17] START
[2016-10-09 16:29:17] EDIT gapSort/controllers/default.py: 1
[2016-10-09 16:30:04] EDIT gapSort/views/default/index.html: -48
[2016-10-11 10:07:39] EDIT gapSort/views/default/index.html: 3
[2016-10-11 10:11:33] EDIT gapSort/controllers/default.py: -7
[2016-10-11 10:12:20] EDIT gapSort/controllers/default.py: 2
[2016-10-11 10:17:30] EDIT gapSort/controllers/default.py: 1
[2016-10-11 10:20:59] EDIT gapSort/controllers/default.py: -3
[2016-10-11 10:21:15] EDIT gapSort/models/db.py: 3
[2016-10-11 10:21:29] EDIT gapSort/models/db.py: 0
[2016-10-11 10:21:48] EDIT gapSort/models/db.py: -4
[2016-10-11 10:22:12] EDIT gapSort/models/db.py: 3
[2016-10-11 10:23:08] EDIT gapSort/models/db.py: -43
[2016-10-11 10:24:19] EDIT gapSort/models/db.py: -1
[2016-10-11 10:25:13] EDIT gapSort/models/db.py: 0
[2016-10-11 10:26:17] EDIT gapSort/models/db.py: 1
[2016-10-11 10:26:57] EDIT gapSort/controllers/default.py: -3
[2016-10-11 10:31:20] EDIT gapSort/controllers/default.py: 1
[2016-10-11 10:32:34] EDIT gapSort/views/default/index.html: 5
[2016-10-11 10:33:14] CREATE default/profile.html: 0
[2016-10-11 10:34:13] EDIT gapSort/controllers/default.py: 1
[2016-10-11 10:35:06] EDIT gapSort/controllers/default.py: 2
[2016-10-11 10:35:30] EDIT gapSort/views/default/index.html: 0
[2016-10-11 10:35:33] EDIT gapSort/views/default/profile.html: -2
[2016-10-11 10:35:34] EDIT gapSort/controllers/default.py: -1
[2016-10-11 10:36:00] EDIT gapSort/models/db.py: 0
[2016-10-11 10:36:21] EDIT gapSort/models/db.py: -3
[2016-10-11 10:36:28] EDIT gapSort/models/db.py: 0
[2016-10-11 10:37:58] EDIT gapSort/views/default/index.html: 0
[2016-10-11 10:40:09] EDIT gapSort/models/db.py: 44
[2016-10-11 10:50:04] EDIT gapSort/controllers/default.py: 0
[2016-10-11 10:51:08] EDIT gapSort/views/default/index.html: 0
[2016-10-11 10:51:48] EDIT gapSort/views/default/index.html: 0
[2016-10-11 11:00:32] EDIT gapSort/controllers/default.py: 0
[2016-10-11 11:08:21] EDIT gapSort/controllers/default.py: 0
[2016-10-11 11:08:58] EDIT gapSort/controllers/default.py: 0
[2016-10-11 11:09:20] EDIT gapSort/views/default/index.html: 0
[2016-10-11 11:16:44] EDIT gapSort/views/default/index.html: 0
[2016-10-11 11:17:08] EDIT gapSort/views/default/index.html: 0
[2016-10-11 11:17:47] EDIT gapSort/views/default/index.html: 0
[2016-10-11 11:30:31] EDIT gapSort/controllers/default.py: 1
[2016-10-11 11:31:16] EDIT gapSort/controllers/default.py: 0
[2016-10-11 11:32:18] EDIT gapSort/controllers/default.py: 0
[2016-10-11 11:32:40] EDIT gapSort/controllers/default.py: 0
[2016-10-11 11:33:57] EDIT gapSort/controllers/default.py: 0
[2016-10-11 11:56:22] EDIT gapSort/controllers/default.py: 0
[2016-10-11 14:45:46] EDIT gapSort/controllers/default.py: 0
[2016-10-11 14:46:18] EDIT gapSort/controllers/default.py: 0
[2016-10-11 14:49:10] EDIT gapSort/controllers/default.py: 0
[2016-10-11 14:50:25] EDIT gapSort/controllers/default.py: 1
[2016-10-11 14:57:34] EDIT gapSort/views/default/index.html: 0
[2016-10-11 14:59:28] EDIT gapSort/controllers/default.py: 1
[2016-10-11 15:00:08] EDIT gapSort/views/default/index.html: 0
[2016-10-11 15:00:18] EDIT gapSort/controllers/default.py: 0
[2016-10-11 15:01:16] EDIT gapSort/controllers/default.py: 0
[2016-10-11 15:01:26] EDIT gapSort/controllers/default.py: 0
[2016-10-11 15:05:55] EDIT gapSort/controllers/default.py: 0
[2016-10-11 15:10:11] EDIT gapSort/controllers/default.py: 0
[2016-10-11 15:10:25] EDIT gapSort/controllers/default.py: 0
[2016-10-11 15:12:19] EDIT gapSort/controllers/default.py: 0
[2016-10-11 15:12:42] EDIT gapSort/controllers/default.py: 0
[2016-10-11 16:41:08] EDIT gapSort/controllers/default.py: 0
[2016-10-11 16:41:35] EDIT gapSort/controllers/default.py: 0
[2016-10-11 16:41:52] EDIT gapSort/controllers/default.py: 0
[2016-10-11 16:46:11] EDIT gapSort/controllers/default.py: 0
[2016-10-11 16:47:26] EDIT gapSort/views/default/index.html: 0
[2016-10-11 16:47:53] EDIT gapSort/controllers/default.py: 0
[2016-10-11 16:49:09] EDIT gapSort/views/default/index.html: 3
[2016-10-11 16:50:04] EDIT gapSort/views/default/index.html: 3
[2016-10-11 16:50:29] EDIT gapSort/views/default/index.html: 0
[2016-10-11 16:51:53] EDIT gapSort/views/default/index.html: 3
[2016-10-11 16:53:24] EDIT gapSort/controllers/default.py: 0
[2016-10-11 16:53:34] EDIT gapSort/controllers/default.py: 0
[2016-10-11 16:53:41] EDIT gapSort/controllers/default.py: 0
[2016-10-11 16:56:24] EDIT gapSort/controllers/default.py: 0
[2016-10-11 16:56:32] EDIT gapSort/controllers/default.py: 0
[2016-10-11 17:11:41] EDIT gapSort/controllers/default.py: 0
[2016-10-12 12:07:51] CREATE CreateGroup/add.html: 0
[2016-10-12 12:08:36] DELETE gapSort/views/CreateGroup/add.html: -3
[2016-10-12 12:09:08] CREATE creategroup/create.html: 0
[2016-10-12 12:09:48] EDIT gapSort/views/default/index.html: 0
[2016-10-12 12:10:45] EDIT gapSort/views/default/index.html: 0
[2016-10-12 12:10:59] EDIT gapSort/views/default/index.html: 0
[2016-10-12 12:11:32] EDIT gapSort/views/default/index.html: 0
[2016-10-12 12:15:10] DELETE gapSort/views/CreateGroup/create.html: -3
[2016-10-12 12:15:32] CREATE group/create.html: 0
[2016-10-12 12:15:54] EDIT gapSort/views/default/index.html: 0
[2016-10-12 12:17:07] CREATE group.py: 0
[2016-10-12 12:18:05] EDIT gapSort/controllers/group.py: 2
[2016-10-12 12:19:31] EDIT gapSort/views/group/create.html: -1
[2016-10-12 12:20:23] EDIT gapSort/views/group/create.html: 2
[2016-10-12 12:23:29] EDIT gapSort/controllers/group.py: 1
[2016-10-12 12:24:29] EDIT gapSort/views/group/create.html: 1
[2016-10-12 12:24:31] EDIT gapSort/controllers/schedule.py: 0
[2016-10-12 12:24:35] EDIT gapSort/controllers/group.py: 0
[2016-10-12 12:25:21] EDIT gapSort/controllers/group.py: 0
[2016-10-12 12:26:41] EDIT gapSort/controllers/group.py: 1
[2016-10-12 12:28:37] EDIT gapSort/views/group/create.html: 1
[2016-10-12 12:29:17] EDIT gapSort/views/group/create.html: 4
[2016-10-12 12:29:58] EDIT gapSort/views/group/create.html: 3
[2016-10-12 12:30:18] EDIT gapSort/views/group/create.html: 0
[2016-10-12 12:33:26] EDIT gapSort/controllers/group.py: 0
[2016-10-12 12:33:30] EDIT gapSort/controllers/group.py: 0
[2016-10-12 12:35:13] EDIT gapSort/controllers/group.py: 1
[2016-10-12 12:45:08] EDIT gapSort/controllers/group.py: 4
[2016-10-12 12:46:03] EDIT gapSort/controllers/group.py: 0
[2016-10-12 13:11:36] EDIT gapSort/controllers/group.py: 3
[2016-10-12 13:13:17] EDIT gapSort/controllers/group.py: 0
[2016-10-12 13:13:33] EDIT gapSort/controllers/group.py: 0
[2016-10-12 13:17:57] EDIT gapSort/controllers/group.py: 0
[2016-10-12 13:20:14] EDIT gapSort/controllers/group.py: 3
[2016-10-12 13:20:33] EDIT gapSort/controllers/group.py: 0
[2016-10-12 13:20:58] EDIT gapSort/controllers/group.py: 0
[2016-10-12 13:22:49] EDIT gapSort/controllers/group.py: 1
[2016-10-12 13:23:46] EDIT gapSort/controllers/group.py: -2
[2016-10-12 13:24:04] EDIT gapSort/controllers/group.py: 0
[2016-10-12 13:24:26] EDIT gapSort/controllers/group.py: 0
[2016-10-12 13:25:21] EDIT gapSort/views/group/create.html: -1
[2016-10-12 13:27:08] EDIT gapSort/controllers/schedule.py: 0
[2016-10-12 13:28:00] EDIT gapSort/controllers/group.py: 1
[2016-10-12 13:29:15] EDIT gapSort/controllers/group.py: 0
[2016-10-12 13:30:07] EDIT gapSort/controllers/group.py: 0
[2016-10-12 13:30:45] EDIT gapSort/controllers/group.py: 0
[2016-10-12 13:32:25] EDIT gapSort/controllers/group.py: 0
[2016-10-12 16:45:17] EDIT gapSort/controllers/group.py: 0
[2016-10-12 16:45:23] EDIT gapSort/controllers/group.py: 0
[2016-10-12 16:46:09] EDIT gapSort/controllers/group.py: 0
[2016-10-12 16:46:53] EDIT gapSort/controllers/group.py: 0
[2016-10-12 16:48:24] EDIT gapSort/controllers/group.py: 0
[2016-10-12 16:52:42] EDIT gapSort/controllers/group.py: 0
[2016-10-12 16:53:14] EDIT gapSort/controllers/group.py: 0
[2016-10-12 16:55:00] EDIT gapSort/controllers/group.py: 0
[2016-10-12 16:55:27] EDIT gapSort/controllers/group.py: 0
[2016-10-12 16:55:58] EDIT gapSort/controllers/group.py: 0
[2016-10-12 16:56:12] EDIT gapSort/controllers/group.py: 0
[2016-10-12 17:02:07] EDIT gapSort/controllers/group.py: 0
[2016-10-12 17:04:12] EDIT gapSort/controllers/group.py: 0
[2016-10-12 17:11:36] EDIT gapSort/controllers/group.py: 0
[2016-10-12 17:12:58] EDIT gapSort/controllers/group.py: 0
[2016-10-12 17:13:40] EDIT gapSort/controllers/default.py: 1
[2016-10-12 17:14:10] EDIT gapSort/controllers/default.py: 0
[2016-10-12 17:14:27] EDIT gapSort/controllers/default.py: 0
[2016-10-12 17:15:00] EDIT gapSort/controllers/default.py: 0
[2016-10-12 17:16:04] EDIT gapSort/views/default/index.html: 1
[2016-10-12 17:16:17] EDIT gapSort/controllers/default.py: -1
[2016-10-12 17:16:43] EDIT gapSort/views/default/index.html: -1
[2016-10-12 17:16:45] EDIT gapSort/controllers/default.py: 0
[2016-10-12 17:19:26] EDIT gapSort/controllers/group.py: 0
[2016-10-12 17:20:31] EDIT gapSort/controllers/group.py: 0
[2016-10-12 17:25:43] EDIT gapSort/controllers/group.py: 0
[2016-10-12 17:26:02] EDIT gapSort/controllers/group.py: 0
[2016-10-12 22:30:06] EDIT gapSort/controllers/group.py: 1
[2016-10-12 22:31:05] EDIT gapSort/views/group/create.html: 2
[2016-10-12 22:35:43] EDIT gapSort/controllers/group.py: 2
[2016-10-12 22:36:12] EDIT gapSort/controllers/group.py: 0
[2016-10-12 22:36:47] EDIT gapSort/controllers/group.py: 0
[2016-10-12 22:39:54] EDIT gapSort/controllers/group.py: 2
[2016-10-12 22:40:10] EDIT gapSort/controllers/group.py: 0
[2016-10-12 22:44:19] EDIT gapSort/controllers/group.py: 1
[2016-10-12 22:45:50] EDIT gapSort/controllers/group.py: -1
[2016-10-12 22:47:18] EDIT gapSort/controllers/group.py: 0
[2016-10-12 22:48:05] EDIT gapSort/controllers/group.py: 0
[2016-10-12 22:48:09] EDIT gapSort/controllers/group.py: 0
[2016-10-12 22:52:05] EDIT gapSort/controllers/group.py: 1
[2016-10-12 22:52:16] EDIT gapSort/controllers/group.py: 0
[2016-10-12 22:52:20] EDIT gapSort/controllers/group.py: 0
[2016-10-12 22:52:33] EDIT gapSort/controllers/group.py: 0
[2016-10-12 22:54:19] EDIT gapSort/controllers/group.py: 0
[2016-10-12 22:54:22] EDIT gapSort/controllers/group.py: 0
[2016-10-12 22:54:38] EDIT gapSort/controllers/group.py: 0
[2016-10-12 22:56:01] EDIT gapSort/models/db.py: 0
[2016-10-12 23:04:22] EDIT gapSort/controllers/group.py: -1
[2016-10-12 23:11:31] EDIT gapSort/controllers/group.py: 3
[2016-10-12 23:11:42] EDIT gapSort/controllers/group.py: 0
[2016-10-12 23:12:49] EDIT gapSort/controllers/group.py: 0
[2016-10-12 23:13:34] EDIT gapSort/controllers/group.py: 0
[2016-10-12 23:14:11] EDIT gapSort/controllers/group.py: 0
[2016-10-12 23:16:56] EDIT gapSort/controllers/group.py: 1
[2016-10-12 23:18:02] EDIT gapSort/controllers/group.py: 0
[2016-10-12 23:22:13] EDIT gapSort/controllers/group.py: 2
[2016-10-12 23:28:34] EDIT gapSort/controllers/group.py: 1
[2016-10-12 23:29:12] EDIT gapSort/controllers/group.py: 0
[2016-10-12 23:29:30] EDIT gapSort/controllers/group.py: 0
[2016-10-12 23:31:36] EDIT gapSort/controllers/group.py: 1
[2016-10-12 23:32:35] EDIT gapSort/controllers/group.py: 0
[2016-10-12 23:33:25] EDIT gapSort/controllers/group.py: 0
[2016-10-12 23:33:43] EDIT gapSort/controllers/group.py: 0
[2016-10-12 23:45:56] EDIT gapSort/controllers/group.py: 1
[2016-10-12 23:46:04] EDIT gapSort/controllers/group.py: 0
[2016-10-12 23:46:08] EDIT gapSort/models/db.py: 0
[2016-10-13 09:42:47] EDIT gapSort/controllers/group.py: 3
[2016-10-13 09:42:53] EDIT gapSort/controllers/group.py: 0
[2016-10-13 09:43:13] EDIT gapSort/controllers/group.py: -1
[2016-10-13 09:45:01] EDIT gapSort/controllers/group.py: 0
[2016-10-13 09:46:12] EDIT gapSort/controllers/group.py: 0
[2016-10-13 10:12:00] EDIT gapSort/controllers/group.py: 1
[2016-10-13 11:00:28] EDIT gapSort/controllers/group.py: 0
[2016-10-13 11:02:58] EDIT gapSort/controllers/group.py: -2
[2016-10-13 11:14:20] EDIT gapSort/controllers/group.py: 1
[2016-10-13 11:16:18] EDIT gapSort/controllers/group.py: -1
[2016-10-13 11:16:38] EDIT gapSort/controllers/group.py: 0
[2016-10-13 11:16:47] EDIT gapSort/controllers/group.py: 0
[2016-10-13 11:17:20] EDIT gapSort/controllers/group.py: 1
[2016-10-13 11:20:55] EDIT gapSort/controllers/group.py: 1
[2016-10-13 17:12:42] EDIT gapSort/models/db.py: 0
[2016-10-13 17:12:50] EDIT gapSort/models/db.py: 0
[2016-10-13 17:12:54] EDIT gapSort/models/db.py: 0
[2016-10-13 17:13:03] EDIT gapSort/models/db.py: 0
[2016-10-13 20:55:14] CREATE group/name.html: 0
[2016-10-13 20:59:42] EDIT gapSort/views/group/name.html: 0
[2016-10-13 21:00:41] EDIT gapSort/views/default/index.html: 0
[2016-10-13 21:06:25] EDIT gapSort/models/db.py: 0
[2016-10-13 21:07:09] EDIT gapSort/views/group/name.html: 0
[2016-10-13 21:07:21] EDIT gapSort/controllers/group.py: 3
[2016-10-13 21:12:46] EDIT gapSort/controllers/group.py: 3
[2016-10-13 21:15:52] EDIT gapSort/controllers/group.py: 0
[2016-10-13 21:15:59] EDIT gapSort/controllers/group.py: 0
[2016-10-13 21:17:19] EDIT gapSort/controllers/group.py: 1
[2016-10-13 21:18:22] EDIT gapSort/controllers/group.py: 0
[2016-10-13 21:20:51] EDIT gapSort/controllers/group.py: 1
[2016-10-13 21:21:05] EDIT gapSort/controllers/group.py: 0
[2016-10-14 16:26:52] EDIT gapSort/controllers/group.py: 1
[2016-10-14 16:27:17] EDIT gapSort/controllers/group.py: 1
[2016-10-14 16:27:29] EDIT gapSort/controllers/group.py: 0
[2016-10-14 16:29:04] EDIT gapSort/controllers/group.py: 0
[2016-10-14 16:30:20] EDIT gapSort/controllers/group.py: 1
[2016-10-14 16:36:58] EDIT gapSort/controllers/group.py: 0
[2016-10-14 16:39:41] EDIT gapSort/controllers/group.py: 0
[2016-10-14 16:40:18] EDIT gapSort/controllers/group.py: 0
[2016-10-14 16:45:09] EDIT gapSort/controllers/group.py: 1
[2016-10-15 08:58:06] EDIT gapSort/controllers/group.py: -1
[2016-10-15 09:02:56] EDIT gapSort/controllers/group.py: 0
[2016-10-15 10:28:38] EDIT gapSort/controllers/group.py: 0
[2016-10-15 10:29:37] EDIT gapSort/controllers/group.py: 0
[2016-10-15 10:30:04] EDIT gapSort/controllers/group.py: 0
[2016-10-15 10:36:05] EDIT gapSort/controllers/group.py: 0
[2016-10-15 10:36:40] EDIT gapSort/controllers/group.py: 0
[2016-10-15 10:46:06] EDIT gapSort/controllers/group.py: 1
[2016-10-15 10:51:18] EDIT gapSort/controllers/group.py: -1
[2016-10-15 10:53:39] EDIT gapSort/controllers/group.py: -1
[2016-10-15 10:53:45] EDIT gapSort/controllers/group.py: 0
[2016-10-15 10:55:55] EDIT gapSort/controllers/group.py: 0
[2016-10-15 11:06:19] EDIT gapSort/controllers/group.py: 6
[2016-10-15 11:10:26] EDIT gapSort/controllers/group.py: 5
[2016-10-15 11:10:47] EDIT gapSort/controllers/group.py: 0
[2016-10-15 11:11:11] EDIT gapSort/controllers/group.py: 0
[2016-10-15 11:11:34] EDIT gapSort/controllers/group.py: 0
[2016-10-15 11:12:15] EDIT gapSort/controllers/group.py: 0
[2016-10-15 11:16:17] EDIT gapSort/controllers/group.py: 0
[2016-10-15 11:16:29] EDIT gapSort/controllers/group.py: 0
[2016-10-15 11:16:58] EDIT gapSort/controllers/group.py: 0
[2016-10-15 11:17:37] EDIT gapSort/controllers/group.py: 0
[2016-10-15 16:36:30] EDIT gapSort/controllers/group.py: -1
[2016-10-15 16:37:07] EDIT gapSort/controllers/group.py: 0
[2016-10-15 16:47:09] EDIT gapSort/controllers/group.py: 2
[2016-10-15 16:47:34] EDIT gapSort/controllers/group.py: 0
[2016-10-15 22:53:39] EDIT gapSort/controllers/group.py: 0
[2016-10-15 22:53:45] EDIT gapSort/models/db.py: 0
[2016-10-16 07:49:07] EDIT gapSort/controllers/default.py: 0
[2016-10-16 07:50:15] EDIT gapSort/models/db.py: 0
[2016-10-16 07:51:55] EDIT gapSort/models/db.py: 1
[2016-10-16 07:52:09] EDIT gapSort/models/db.py: 0
[2016-10-16 07:52:21] EDIT gapSort/models/db.py: 0
[2016-10-16 07:52:29] EDIT gapSort/models/db.py: 0
[2016-10-16 07:54:07] EDIT gapSort/models/db.py: -1
[2016-10-16 07:57:18] EDIT gapSort/models/db.py: 1
[2016-10-16 07:59:01] EDIT gapSort/models/db.py: 0
[2016-10-16 07:59:41] EDIT gapSort/models/db.py: -1
[2016-10-16 08:02:17] EDIT gapSort/models/db.py: 0
[2016-10-16 08:03:03] EDIT gapSort/controllers/default.py: -1
[2016-10-16 08:03:47] EDIT gapSort/controllers/default.py: 0
[2016-10-16 08:22:15] EDIT gapSort/controllers/group.py: 0
[2016-10-16 08:25:02] EDIT gapSort/controllers/group.py: 1
[2016-10-16 08:27:40] EDIT gapSort/controllers/group.py: -3
[2016-10-16 08:36:49] EDIT gapSort/controllers/group.py: 1
[2016-10-16 08:38:13] EDIT gapSort/controllers/group.py: 1
[2016-10-16 08:38:56] EDIT gapSort/controllers/group.py: 1
[2016-10-16 08:39:46] EDIT gapSort/controllers/group.py: 0
[2016-10-16 08:43:23] EDIT gapSort/controllers/group.py: 0
[2016-10-16 08:49:59] EDIT gapSort/controllers/group.py: 0
[2016-10-16 08:54:36] EDIT gapSort/controllers/group.py: 0
[2016-10-16 09:02:59] EDIT gapSort/controllers/group.py: 0
[2016-10-16 09:03:45] EDIT gapSort/controllers/group.py: 0
[2016-10-16 10:15:14] EDIT gapSort/controllers/group.py: 2
[2016-10-16 10:16:26] EDIT gapSort/controllers/group.py: -1
[2016-10-16 10:17:03] EDIT gapSort/controllers/group.py: 0
[2016-10-16 10:19:13] EDIT gapSort/controllers/group.py: -1
[2016-10-16 10:23:12] EDIT gapSort/controllers/group.py: -1
[2016-10-16 10:26:21] EDIT gapSort/controllers/group.py: -5
[2016-10-16 10:43:17] EDIT gapSort/controllers/group.py: 6
[2016-10-16 10:45:44] EDIT gapSort/controllers/group.py: 2
[2016-10-16 10:46:43] EDIT gapSort/controllers/group.py: 1
[2016-10-16 10:47:07] EDIT gapSort/controllers/group.py: 0
[2016-10-16 10:48:21] EDIT gapSort/controllers/group.py: 0
[2016-10-16 10:48:59] EDIT gapSort/controllers/group.py: 0
[2016-10-16 10:50:25] EDIT gapSort/controllers/group.py: 0
[2016-10-16 10:50:39] EDIT gapSort/controllers/group.py: 0
[2016-10-16 10:51:19] EDIT gapSort/views/default/index.html: 0
[2016-10-16 10:56:40] EDIT gapSort/controllers/group.py: 1
[2016-10-16 10:56:58] EDIT gapSort/controllers/group.py: 0
[2016-10-16 10:58:01] EDIT gapSort/controllers/group.py: 0
[2016-10-16 10:58:41] EDIT gapSort/controllers/group.py: -4
[2016-10-16 10:59:09] EDIT gapSort/controllers/group.py: 0
[2016-10-16 11:03:50] EDIT gapSort/controllers/group.py: 1
[2016-10-16 11:04:24] EDIT gapSort/controllers/group.py: 0
[2016-10-16 11:08:09] EDIT gapSort/controllers/group.py: 1
[2016-10-16 11:09:02] EDIT gapSort/controllers/group.py: 0
[2016-10-16 11:16:14] EDIT gapSort/controllers/group.py: 0
[2016-10-16 11:16:50] EDIT gapSort/controllers/group.py: 0
[2016-10-16 11:17:36] EDIT gapSort/controllers/group.py: 0
[2016-10-16 11:19:00] EDIT gapSort/controllers/group.py: 1
[2016-10-16 11:32:26] EDIT gapSort/controllers/group.py: 0
[2016-10-16 11:33:11] EDIT gapSort/controllers/group.py: 0
[2016-10-16 11:33:21] EDIT gapSort/controllers/group.py: 0
[2016-10-16 11:34:25] EDIT gapSort/controllers/group.py: 2
[2016-10-16 11:34:31] EDIT gapSort/controllers/group.py: 0
[2016-10-16 11:34:46] EDIT gapSort/controllers/group.py: 0
[2016-10-16 11:35:20] EDIT gapSort/controllers/group.py: 0
[2016-10-16 11:36:12] EDIT gapSort/controllers/group.py: -2
[2016-10-16 11:36:55] EDIT gapSort/views/group/create.html: 0
[2016-10-16 11:37:04] EDIT gapSort/views/group/create.html: 0
[2016-10-16 11:38:37] EDIT gapSort/views/group/create.html: 0
[2016-10-16 11:40:15] EDIT gapSort/views/group/create.html: 0
[2016-10-16 11:40:39] EDIT gapSort/views/group/create.html: 0
[2016-10-16 19:36:43] EDIT gapSort/views/default/index.html: 0
[2016-10-16 19:36:47] EDIT gapSort/views/default/index.html: 0
>>>>>>> c6e7b0a11531c5983076c95310851e8b8ed1fbd4
