timestamp: 2016-10-16T19:32:29.558221
CREATE TABLE auth_user(
    id INTEGER PRIMARY KEY AUTOINCREMENT,
    first_name CHAR(128),
    last_name CHAR(128),
    email CHAR(512),
    password CHAR(512),
    registration_key CHAR(512),
    reset_password_key CHAR(512),
    registration_id CHAR(512)
);
success!
timestamp: 2016-10-16T19:32:29.594692
CREATE TABLE auth_group(
    id INTEGER PRIMARY KEY AUTOINCREMENT,
    role CHAR(512),
    description TEXT
);
success!
timestamp: 2016-10-16T19:32:29.602220
CREATE TABLE auth_membership(
    id INTEGER PRIMARY KEY AUTOINCREMENT,
    user_id INTEGER REFERENCES auth_user (id) ON DELETE CASCADE  ,
    group_id INTEGER REFERENCES auth_group (id) ON DELETE CASCADE  
);
success!
timestamp: 2016-10-16T19:32:29.609654
CREATE TABLE auth_permission(
    id INTEGER PRIMARY KEY AUTOINCREMENT,
    group_id INTEGER REFERENCES auth_group (id) ON DELETE CASCADE  ,
    name CHAR(512),
    table_name CHAR(512),
    record_id INTEGER
);
success!
timestamp: 2016-10-16T19:32:29.615956
CREATE TABLE auth_event(
    id INTEGER PRIMARY KEY AUTOINCREMENT,
    time_stamp TIMESTAMP,
    client_ip CHAR(512),
    user_id INTEGER REFERENCES auth_user (id) ON DELETE CASCADE  ,
    origin CHAR(512),
    description TEXT
);
success!
timestamp: 2016-10-16T19:32:29.622034
CREATE TABLE auth_cas(
    id INTEGER PRIMARY KEY AUTOINCREMENT,
    user_id INTEGER REFERENCES auth_user (id) ON DELETE CASCADE  ,
    created_on TIMESTAMP,
    service CHAR(512),
    ticket CHAR(512),
    renew CHAR(1)
);
success!
timestamp: 2016-10-16T19:32:29.627098
CREATE TABLE users(
    id INTEGER PRIMARY KEY AUTOINCREMENT,
    name CHAR(512),
    email CHAR(512),
    password CHAR(512)
);
success!
timestamp: 2016-10-16T19:32:29.631146
CREATE TABLE groups(
    id INTEGER PRIMARY KEY AUTOINCREMENT,
    manager CHAR(512),
    name CHAR(512)
);
success!
timestamp: 2016-10-16T19:32:29.635605
CREATE TABLE user_groups(
    id INTEGER PRIMARY KEY AUTOINCREMENT,
    user_id INTEGER,
    group_id INTEGER
);
success!
timestamp: 2016-10-16T19:32:29.641152
CREATE TABLE events(
    id INTEGER PRIMARY KEY AUTOINCREMENT,
    user_id INTEGER,
    start_time TIMESTAMP,
    end_time TIMESTAMP,
    description CHAR(512),
    name CHAR(512),
    group_id INTEGER
);
success!
timestamp: 2016-10-16T19:32:29.646388
CREATE TABLE gaps(
    id INTEGER PRIMARY KEY AUTOINCREMENT,
    group_id INTEGER,
    start_time TIMESTAMP,
    end_time TIMESTAMP
);
success!
